<?xml version="1.0" encoding="UTF-8"?>
<!-- Generated by org.testng.reporters.JUnitReportReporter -->
<testsuite hostname="Jayanth_Bonala" failures="0" tests="2" name="testcases.LoginTest" time="11.249" errors="0" timestamp="2024-09-08T17:47:48 IST" skipped="0">
  <testcase classname="testcases.LoginTest" name="login" time="6.045"/>
  <system-out/>
  <testcase classname="testcases.LoginTest" name="login" time="5.204"/>
  <system-out/>
</testsuite> <!-- testcases.LoginTest -->
