<?xml version="1.0" encoding="UTF-8"?>
<!-- Generated by org.testng.reporters.JUnitReportReporter -->
<testsuite hostname="Jayanth_Bonala" failures="0" tests="2" name="testcases.LoginTest" time="9.346" errors="0" timestamp="2024-09-18T19:04:56 IST" skipped="0">
  <testcase classname="testcases.LoginTest" name="login" time="4.946"/>
  <system-out/>
  <testcase classname="testcases.LoginTest" name="login" time="4.400"/>
  <system-out/>
</testsuite> <!-- testcases.LoginTest -->
