<?xml version="1.0" encoding="UTF-8"?>
<!-- Generated by org.testng.reporters.JUnitReportReporter -->
<testsuite hostname="Jayanth_Bonala" failures="0" tests="2" name="testcases.LoginTest" time="9.491" errors="0" timestamp="2024-09-18T19:40:04 IST" skipped="0">
  <testcase classname="testcases.LoginTest" name="login" time="4.629"/>
  <testcase classname="testcases.LoginTest" name="login" time="4.862"/>
</testsuite> <!-- testcases.LoginTest -->
