<?xml version="1.0" encoding="UTF-8"?>
<!-- Generated by org.testng.reporters.JUnitReportReporter -->
<testsuite hostname="Jayanth_Bonala" failures="0" tests="2" name="testcases.LoginTest" time="12.665" errors="0" timestamp="2024-09-10T14:48:54 IST" skipped="0">
  <testcase classname="testcases.LoginTest" name="login" time="4.918"/>
  <testcase classname="testcases.LoginTest" name="login" time="7.747"/>
</testsuite> <!-- testcases.LoginTest -->
